[15:39:15] [main/INFO]: Loading for game Minecraft 1.16.4
[15:39:15] [main/INFO]: [FabricLoader] Loading 45 mods: minecraft@1.16.4, fabric-networking-blockentity-v0@0.2.5+6a2618f53a, fabric-renderer-api-v1@0.3.3+6a2618f53a, fabric-screen-handler-api-v1@1.1.0+6a2618f53a, fabric-keybindings-v0@0.2.0+6a2618f53a, fabric-command-api-v1@1.0.9+6a2618f53a, fabricloader@0.10.8, fabric-tool-attribute-api-v1@1.2.5+6a2618f53a, fabric-renderer-indigo@0.4.3+6a2618f53a, fabric-structure-api-v1@1.1.1+f1d8af063a, fabric-containers-v0@0.1.8+6a2618f53a, fabric-object-builder-api-v1@1.9.2+6a2618f53a, fabric-item-api-v1@1.2.0+6a2618f53a, fabric-events-interaction-v0@0.4.1+6a2618f53a, fabric-crash-report-info-v1@0.1.2+b7f9825d3a, fabric-game-rule-api-v1@1.0.3+a4467d2a3a, fabric-api-base@0.2.0+ab87788d3a, fabric-rendering-v0@1.1.1+6a2618f53a, fabric-key-binding-api-v1@1.0.1+730711c63a, fabric-rendering-v1@1.4.0+6a2618f53a, fabric-rendering-data-attachment-v1@0.1.4+6a2618f53a, fabric-resource-loader-v0@0.3.2+1944f3e03a, fabric-textures-v0@1.0.5+6a2618f53a, malilib@0.10.0-dev.21+arne.2, fabric-content-registries-v0@0.1.9+6a2618f53a, fabric-tag-extensions-v0@1.0.3+6a2618f53a, fabric-biome-api-v1@3.1.0+2e23b97c3a, fabric-rendering-fluids-v1@0.1.12+6a2618f53a, fabric-commands-v0@0.2.0+6a2618f53a, fabric-registry-sync-v0@0.7.1+285766753a, litematica@0.0.0-dev.20201103.184101, fabric-blockrenderlayer-v1@1.1.4+6a2618f53a, fabric-lifecycle-events-v1@1.2.0+6a2618f53a, fabric-mining-levels-v0@0.1.2+6a2618f53a, fabric-renderer-registries-v1@2.2.0+6a2618f53a, fabric-events-lifecycle-v0@0.2.0+6a2618f53a, carpet-extra@1.4.16, fabric-loot-tables-v1@1.0.1+6a2618f53a, fabric@0.26.3+1.16, carpet@1.4.19, fabric-item-groups-v0@0.2.1+6a2618f53a, fabric-models-v0@0.1.1+6a2618f53a, fabric-particles-v1@0.2.2+6a2618f53a, fabric-networking-v0@0.1.10+6a2618f53a, fabric-object-builders-v0@0.7.1+6a2618f53a
[15:39:16] [main/INFO]: SpongePowered MIXIN Subsystem Version=0.8.2 Source=file:/home/edwardxie121/ggmc/fabric-server-launch.jar Service=Knot/Fabric Env=SERVER
[15:39:30] [main/INFO]: Environment: authHost='https://authserver.mojang.com', accountsHost='https://api.mojang.com', sessionHost='https://sessionserver.mojang.com', servicesHost='https://api.minecraftservices.com', name='PROD'
[15:39:33] [main/WARN]: Ambiguity between arguments [teleport, destination] and [teleport, targets] with inputs: [Player, 0123, @e, dd12be42-52a9-4a91-a8a1-11c01849e498]
[15:39:33] [main/WARN]: Ambiguity between arguments [teleport, location] and [teleport, destination] with inputs: [0.1 -0.5 .9, 0 0 0]
[15:39:33] [main/WARN]: Ambiguity between arguments [teleport, location] and [teleport, targets] with inputs: [0.1 -0.5 .9, 0 0 0]
[15:39:33] [main/WARN]: Ambiguity between arguments [teleport, targets] and [teleport, destination] with inputs: [Player, 0123, dd12be42-52a9-4a91-a8a1-11c01849e498]
[15:39:33] [main/WARN]: Ambiguity between arguments [teleport, targets, location] and [teleport, targets, destination] with inputs: [0.1 -0.5 .9, 0 0 0]
[15:39:34] [main/INFO]: Reloading ResourceManager: Default, Fabric Tool Attribute API (v1)
[15:39:35] [Worker-Main-2/INFO]: Loaded 7 recipes
[15:39:35] [Worker-Main-2/INFO]: Loaded 927 advancements
[15:39:38] [main/INFO]: Applied 0 biome modifications to 0 of 79 new biomes in 10.93 ms
[15:39:38] [Server thread/INFO]: Starting minecraft server version 1.16.4
[15:39:38] [Server thread/INFO]: Loading properties
[15:39:38] [Server thread/INFO]: Default game type: SURVIVAL
[15:39:38] [Server thread/INFO]: Generating keypair
[15:39:38] [Server console handler/ERROR]: Exception handling console input
java.io.IOException: Bad file descriptor
	at java.io.FileInputStream.readBytes(Native Method) ~[?:1.8.0_275]
	at java.io.FileInputStream.read(FileInputStream.java:255) ~[?:1.8.0_275]
	at java.io.BufferedInputStream.read1(BufferedInputStream.java:284) ~[?:1.8.0_275]
	at java.io.BufferedInputStream.read(BufferedInputStream.java:345) ~[?:1.8.0_275]
	at sun.nio.cs.StreamDecoder.readBytes(StreamDecoder.java:284) ~[?:1.8.0_275]
	at sun.nio.cs.StreamDecoder.implRead(StreamDecoder.java:326) ~[?:1.8.0_275]
	at sun.nio.cs.StreamDecoder.read(StreamDecoder.java:178) ~[?:1.8.0_275]
	at java.io.InputStreamReader.read(InputStreamReader.java:184) ~[?:1.8.0_275]
	at java.io.BufferedReader.fill(BufferedReader.java:161) ~[?:1.8.0_275]
	at java.io.BufferedReader.readLine(BufferedReader.java:324) ~[?:1.8.0_275]
	at java.io.BufferedReader.readLine(BufferedReader.java:389) ~[?:1.8.0_275]
	at net.minecraft.class_3176$1.run(class_3176.java:95) [intermediary-server.jar:?]
[15:39:39] [Server thread/INFO]: Starting Minecraft server on *:25565
[15:39:39] [Server thread/INFO]: Using epoll channel type
[15:39:39] [Server thread/WARN]: **** SERVER IS RUNNING IN OFFLINE/INSECURE MODE!
[15:39:39] [Server thread/WARN]: The server will make no attempt to authenticate usernames. Beware.
[15:39:39] [Server thread/WARN]: While this makes the game possible to play without internet access, it also opens up the ability for hackers to connect with any username they choose.
[15:39:39] [Server thread/WARN]: To change this, set "online-mode" to "true" in the server.properties file.
[15:39:39] [Server thread/INFO]: Preparing level "world"
[15:39:39] [Server thread/INFO]: [CM]: loaded setting silverFishDropGravel as true from carpet.conf
[15:39:39] [Server thread/INFO]: [CM]: loaded setting carpets as false from carpet.conf
[15:39:39] [Server thread/INFO]: [CM]: loaded setting combineXPOrbs as true from carpet.conf
[15:39:39] [Server thread/INFO]: [CM]: loaded setting commandLog as true from carpet.conf
[15:39:39] [Server thread/INFO]: [CM]: loaded setting commandPerimeterInfo as true from carpet.conf
[15:39:39] [Server thread/INFO]: [CM]: loaded setting tntPrimerMomentumRemoved as true from carpet.conf
[15:39:39] [Server thread/INFO]: [CM]: loaded setting xpNoCooldown as true from carpet.conf
[15:39:39] [Server thread/INFO]: [CM]: loaded setting commandTrackAI as false from carpet.conf
[15:39:39] [Server thread/INFO]: [CM]: loaded setting ctrlQCraftingFix as true from carpet.conf
[15:39:39] [Server thread/INFO]: [CM]: loaded setting fogOff as false from carpet.conf
[15:39:39] [Server thread/INFO]: [CM]: loaded setting commandDistance as false from carpet.conf
[15:39:39] [Server thread/INFO]: [CM]: loaded setting fastRedstoneDust as true from carpet.conf
[15:39:39] [Server thread/INFO]: [CM]: loaded setting fillLimit as 1000000 from carpet.conf
[15:39:39] [Server thread/INFO]: [CM]: loaded setting antiCheatDisabled as true from carpet.conf
[15:39:39] [Server thread/INFO]: [CM]: loaded setting commandSpawn as false from carpet.conf
[15:39:39] [Server thread/INFO]: [CM]: loaded setting stackableShulkerBoxes as false from carpet.conf
[15:39:39] [Server thread/INFO]: [CM]: loaded setting shulkerSpawningInEndCities as false from carpet.conf
[15:39:39] [Server thread/INFO]: [CM]: loaded setting onePlayerSleeping as true from carpet.conf
[15:39:39] [Server thread/INFO]: [CM]: loaded setting clericsFarmWarts as true from carpet.conf
[15:39:39] [Server thread/INFO]: [CM]: loaded setting smoothClientAnimations as true from carpet.conf
[15:39:39] [Server thread/INFO]: [CM]: loaded setting autoCraftingDropper as false from carpet.conf
[15:39:39] [Server thread/INFO]: [CM]: loaded setting commandTick as false from carpet.conf
[15:39:39] [Server thread/INFO]: [CM]: loaded setting commandDraw as false from carpet.conf
[15:39:39] [Server thread/INFO]: [CM]: loaded setting commandScript as false from carpet.conf
[15:39:39] [Server thread/INFO]: [CM]: loaded setting defaultLoggers as mobcaps,tps from carpet.conf
[15:39:39] [Server thread/INFO]: [CM]: loaded setting optimizedTNT as true from carpet.conf
[15:39:39] [Server thread/INFO]: [CM]: loaded setting commandInfo as false from carpet.conf
[15:39:39] [Server thread/INFO]: [CM]: loaded setting flippinCactus as true from carpet.conf
[15:39:39] [Server thread/INFO]: [CM]: loaded setting lagFreeSpawning as true from carpet.conf
[15:39:39] [Server thread/INFO]: [CM]: loaded setting viewDistance as 0 from carpet.conf
[15:39:40] [Server thread/INFO]: Preparing start region for dimension minecraft:overworld
[15:39:42] [Server thread/INFO]: Preparing spawn area: 0%
[15:39:42] [Server thread/INFO]: Preparing spawn area: 0%
[15:39:42] [Server thread/INFO]: Preparing spawn area: 0%
[15:39:42] [Server thread/INFO]: Preparing spawn area: 0%
[15:39:42] [Server thread/INFO]: Preparing spawn area: 0%
[15:39:42] [Server thread/INFO]: Preparing spawn area: 0%
[15:39:43] [Worker-Main-3/INFO]: Preparing spawn area: 12%
[15:39:43] [Server thread/INFO]: Preparing spawn area: 71%
[15:39:44] [Server thread/INFO]: Time elapsed: 4176 ms
[15:39:44] [Server thread/INFO]: Done (4.696s)! For help, type "help"
[15:39:58] [Server thread/INFO]: larryzhang[/24.90.203.143:61678] logged in with entity id 125 at (-93.30000001192093, 62.0, -56.69999998807907)
[15:39:58] [Server thread/INFO]: larryzhang joined the game
[17:44:25] [Server thread/INFO]: larryzhang has made the advancement [Fishy Business]
[21:14:24] [Server thread/INFO]: larryzhang was slain by Enderman
[02:44:25] [Server thread/INFO]: larryzhang lost connection: Disconnected
[02:44:25] [Server thread/INFO]: larryzhang left the game
[02:44:41] [Server thread/INFO]: Stopping server
[02:44:41] [Server thread/INFO]: Saving players
[02:44:41] [Server thread/INFO]: Saving worlds
[02:44:41] [Server thread/INFO]: Saving chunks for level 'ServerLevel[world]'/minecraft:overworld
